<?xml version="1.0" encoding="UTF-8"?>
<!-- Generated by org.testng.reporters.JUnitReportReporter -->
<testsuite hostname="Jemy" failures="0" tests="1" name="tests.JordanValidationTest" time="5.797" errors="0" timestamp="2024-04-21T22:11:13 EET" skipped="0">
  <testcase classname="tests.JordanValidationTest" name="choseContry" time="5.797"/>
</testsuite> <!-- tests.JordanValidationTest -->
