<?xml version="1.0" encoding="UTF-8"?>
<!-- Generated by org.testng.reporters.JUnitReportReporter -->
<testsuite hostname="Jemy" failures="0" tests="1" name="tests.UaeValidationTest" time="4.245" errors="0" timestamp="2024-04-21T22:11:13 EET" skipped="0">
  <testcase classname="tests.UaeValidationTest" name="choseContry" time="4.245"/>
</testsuite> <!-- tests.UaeValidationTest -->
